C51 COMPILER V9.01   MAIN                                                                  05/21/2014 21:01:38 PAGE 1   


C51 COMPILER V9.01, COMPILATION OF MODULE MAIN
OBJECT MODULE PLACED IN main.OBJ
COMPILER INVOKED BY: d:\Keil\C51\BIN\C51.EXE main.c BROWSE DEBUG OBJECTEXTEND

line level    source

   1          #include <reg52.h>
   2          
   3          
   4          void send_str(char *p)
   5          {
   6   1              while(*p)
   7   1              {
   8   2                      SBUF=*p;
   9   2                      while(TI==0);
  10   2                      TI=0;
  11   2                      p++;
  12   2              }
  13   1      }
  14          
  15          void int0() interrupt 0
  16          {
  17   1              char *com = "a\n";
  18   1              send_str(com);
  19   1      }
  20          
  21          void init()
  22          {
  23   1         SCON = 0x50;                    
  24   1         TMOD|= 0x20;                   
  25   1         PCON|= 0x80;                                                          
  26   1              
  27   1              TH1 = 0xF3;       //12M晶振，波特率4800                 
  28   1              TL1 = 0xF3;         
  29   1              TR1  = 1;                                                             
  30   1              ES   = 1;               
  31   1              EA   = 1;     
  32   1              
  33   1          EX0 = 1;     //外部中断0
  34   1              IT0 = 1;         //边缘触发
  35   1      }
  36          void main()
  37          {
  38   1               init();
  39   1               while(1);
  40   1      }


MODULE INFORMATION:   STATIC OVERLAYABLE
   CODE SIZE        =     98    ----
   CONSTANT SIZE    =      3    ----
   XDATA SIZE       =   ----    ----
   PDATA SIZE       =   ----    ----
   DATA SIZE        =   ----    ----
   IDATA SIZE       =   ----    ----
   BIT SIZE         =   ----    ----
END OF MODULE INFORMATION.


C51 COMPILATION COMPLETE.  0 WARNING(S),  0 ERROR(S)
